#
# There is insufficient memory for the Java Runtime Environment to continue.
# Native memory allocation (malloc) failed to allocate 1048576 bytes for AllocateHeap
# Possible reasons:
#   The system is out of physical RAM or swap space
#   The process is running with CompressedOops enabled, and the Java Heap may be blocking the growth of the native heap
# Possible solutions:
#   Reduce memory load on the system
#   Increase physical memory or swap space
#   Check if swap backing store is full
#   Decrease Java heap size (-Xmx/-Xms)
#   Decrease number of Java threads
#   Decrease Java thread stack sizes (-Xss)
#   Set larger code cache with -XX:ReservedCodeCacheSize=
#   JVM is running with Zero Based Compressed Oops mode in which the Java heap is
#     placed in the first 32GB address space. The Java Heap base address is the
#     maximum limit for the native heap growth. Please use -XX:HeapBaseMinAddress
#     to set the Java Heap base and to place the Java Heap above 32GB virtual address.
# This output file may be truncated or incomplete.
#
#  Out of Memory Error (memory/allocation.inline.hpp:61), pid=11572, tid=0x00000000000011b4
#
# JRE version:  (8.0_202-b03) (build )
# Java VM: OpenJDK 64-Bit Server VM (25.202-b03 mixed mode windows-amd64 compressed oops)
# Failed to write core dump. Minidumps are not enabled by default on client versions of Windows
#

---------------  T H R E A D  ---------------

Current thread (0x0000000002bf2800):  JavaThread "Unknown thread" [_thread_in_vm, id=4532, stack(0x0000000002aa0000,0x0000000002ba0000)]

Stack: [0x0000000002aa0000,0x0000000002ba0000]
[error occurred during error reporting (printing stack bounds), id 0xc0000005]

Native frames: (J=compiled Java code, j=interpreted, Vv=VM code, C=native code)


---------------  P R O C E S S  ---------------

Java Threads: ( => current thread )

Other Threads:

=>0x0000000002bf2800 (exited) JavaThread "Unknown thread" [_thread_in_vm, id=4532, stack(0x0000000002aa0000,0x0000000002ba0000)]

VM state:not at safepoint (normal execution)

VM Mutex/Monitor currently owned by a thread: None

heap address: 0x0000000721e00000, size: 2530 MB, Compressed Oops mode: Zero based, Oop shift amount: 3
Narrow klass base: 0x0000000000000000, Narrow klass shift: 3
Compressed class space size: 1073741824 Address: 0x00000007c0000000

Heap:
 PSYoungGen      total 47616K, used 819K [0x000000078b500000, 0x000000078ea00000, 0x00000007c0000000)
  eden space 40960K, 2% used [0x000000078b500000,0x000000078b5cccd8,0x000000078dd00000)
  from space 6656K, 0% used [0x000000078e380000,0x000000078e380000,0x000000078ea00000)
  to   space 6656K, 0% used [0x000000078dd00000,0x000000078dd00000,0x000000078e380000)
 ParOldGen       total 109568K, used 0K [0x0000000721e00000, 0x0000000728900000, 0x000000078b500000)
  object space 109568K, 0% used [0x0000000721e00000,0x0000000721e00000,0x0000000728900000)
 Metaspace       used 778K, capacity 4480K, committed 4480K, reserved 1056768K
  class space    used 74K, capacity 384K, committed 384K, reserved 1048576K

Card table byte_map: [0x00000000120b0000,0x00000000125b0000] byte_map_base: 0x000000000e7a1000

Marking Bits: (ParMarkBitMap*) 0x0000000064a79f30
 Begin Bits: [0x0000000012d00000, 0x0000000015488000)
 End Bits:   [0x0000000015488000, 0x0000000017c10000)

Polling page: 0x0000000000df0000

CodeCache: size=245760Kb used=328Kb max_used=328Kb free=245431Kb
 bounds [0x0000000002cf0000, 0x0000000002f60000, 0x0000000011cf0000]
 total_blobs=57 nmethods=0 adapters=38
 compilation: enabled

Compilation events (0 events):
No events

GC Heap History (0 events):
No events

Deoptimization events (0 events):
No events

Classes redefined (0 events):
No events

Internal exceptions (0 events):
No events

Events (10 events):
Event: 0.031 loading class java/lang/Short
Event: 0.032 loading class java/lang/Short done
Event: 0.032 loading class java/lang/Integer
Event: 0.032 loading class java/lang/Integer done
Event: 0.032 loading class java/lang/Long
Event: 0.032 loading class java/lang/Long done
Event: 0.033 loading class java/lang/NullPointerException
Event: 0.033 loading class java/lang/NullPointerException done
Event: 0.033 loading class java/lang/ArithmeticException
Event: 0.033 loading class java/lang/ArithmeticException done


Dynamic libraries:
0x00007ff66bb30000 - 0x00007ff66bb61000 	C:\Program Files\Android\Android Studio\jre\bin\java.EXE
0x00007ffaed1a0000 - 0x00007ffaed390000 	C:\WINDOWS\SYSTEM32\ntdll.dll
0x00007ffaeb2f0000 - 0x00007ffaeb3a2000 	C:\WINDOWS\System32\KERNEL32.DLL
0x00007ffaea700000 - 0x00007ffaea9a3000 	C:\WINDOWS\System32\KERNELBASE.dll
0x00007ffae80e0000 - 0x00007ffae816f000 	C:\WINDOWS\SYSTEM32\apphelp.dll
0x00007ffaebe20000 - 0x00007ffaebec3000 	C:\WINDOWS\System32\ADVAPI32.dll
0x00007ffaeb250000 - 0x00007ffaeb2ee000 	C:\WINDOWS\System32\msvcrt.dll
0x00007ffaeb520000 - 0x00007ffaeb5b7000 	C:\WINDOWS\System32\sechost.dll
0x00007ffaebcf0000 - 0x00007ffaebe10000 	C:\WINDOWS\System32\RPCRT4.dll
0x00007ffaecbd0000 - 0x00007ffaecd64000 	C:\WINDOWS\System32\USER32.dll
0x00007ffaea2d0000 - 0x00007ffaea2f1000 	C:\WINDOWS\System32\win32u.dll
0x00007ffaecaf0000 - 0x00007ffaecb16000 	C:\WINDOWS\System32\GDI32.dll
0x00007ffaea130000 - 0x00007ffaea2c4000 	C:\WINDOWS\System32\gdi32full.dll
0x00007ffaea460000 - 0x00007ffaea4fe000 	C:\WINDOWS\System32\msvcp_win.dll
0x00007ffaea360000 - 0x00007ffaea45a000 	C:\WINDOWS\System32\ucrtbase.dll
0x00007ffadb430000 - 0x00007ffadb6b5000 	C:\WINDOWS\WinSxS\amd64_microsoft.windows.common-controls_6595b64144ccf1df_6.0.18362.778_none_e6c6b761130d4fb8\COMCTL32.dll
0x00007ffaece20000 - 0x00007ffaed156000 	C:\WINDOWS\System32\combase.dll
0x00007ffaeb1d0000 - 0x00007ffaeb250000 	C:\WINDOWS\System32\bcryptPrimitives.dll
0x00007ffaeb710000 - 0x00007ffaeb73e000 	C:\WINDOWS\System32\IMM32.DLL
0x00000000652f0000 - 0x00000000653c2000 	C:\Program Files\Android\Android Studio\jre\jre\bin\msvcr100.dll
0x00000000642b0000 - 0x0000000064af6000 	C:\Program Files\Android\Android Studio\jre\jre\bin\server\jvm.dll
0x00007ffaebce0000 - 0x00007ffaebce8000 	C:\WINDOWS\System32\PSAPI.DLL
0x00007ffae7120000 - 0x00007ffae7129000 	C:\WINDOWS\SYSTEM32\WSOCK32.dll
0x00007ffaeb4b0000 - 0x00007ffaeb51f000 	C:\WINDOWS\System32\WS2_32.dll
0x00007ffae81d0000 - 0x00007ffae81f4000 	C:\WINDOWS\SYSTEM32\WINMM.dll
0x00007ffaddfd0000 - 0x00007ffaddfda000 	C:\WINDOWS\SYSTEM32\VERSION.dll
0x00007ffae81a0000 - 0x00007ffae81cd000 	C:\WINDOWS\SYSTEM32\winmmbase.dll
0x00007ffaeb180000 - 0x00007ffaeb1ca000 	C:\WINDOWS\System32\cfgmgr32.dll
0x00007ffae69c0000 - 0x00007ffae69cf000 	C:\Program Files\Android\Android Studio\jre\jre\bin\verify.dll
0x00007ffae2950000 - 0x00007ffae2979000 	C:\Program Files\Android\Android Studio\jre\jre\bin\java.dll
0x00007ffae2b70000 - 0x00007ffae2b86000 	C:\Program Files\Android\Android Studio\jre\jre\bin\zip.dll

VM Arguments:
java_command: <unknown>
java_class_path (initial): .
Launcher Type: SUN_STANDARD

Environment Variables:
PATH=C:\Windows\system32;C:\Windows;C:\Windows\System32\Wbem;C:\Windows\System32\WindowsPowerShell\v1.0\;C:\Windows\System32\OpenSSH\;C:\Program Files\Git\cmd;C:\Users\Jason\AppData\Local\Microsoft\WindowsApps;C:\Users\Jason\AppData\Local\Programs\Microsoft VS Code\bin;C:\adb;C:\Program Files\dotnet\;C:\WINDOWS\system32;C:\WINDOWS;C:\WINDOWS\System32\Wbem;C:\WINDOWS\System32\WindowsPowerShell\v1.0\;C:\WINDOWS\System32\OpenSSH\;C:\Program Files\Dart\dart-sdk\bin;C:\Program Files\Microsoft SQL Server\130\Tools\Binn\;C:\Program Files\Microsoft SQL Server\Client SDK\ODBC\170\Tools\Binn\;C:\src\flutter\bin;C:\Program Files (x86)\Microsoft SQL Server\150\Tools\Binn\;C:\Program Files\Microsoft SQL Server\150\Tools\Binn\;C:\Program Files\Microsoft SQL Server\150\DTS\Binn\;C:\Users\Jason\.dotnet\tools;C:\src\flutter\bin\mingit\cmd
USERNAME=Jason
OS=Windows_NT
PROCESSOR_IDENTIFIER=Intel64 Family 6 Model 58 Stepping 9, GenuineIntel



---------------  S Y S T E M  ---------------

OS: Windows 10.0 , 64 bit Build 18362 (10.0.18362.778)

CPU:total 4 (initial active 4) (2 cores per cpu, 2 threads per core) family 6 model 58 stepping 9, cmov, cx8, fxsr, mmx, sse, sse2, sse3, ssse3, sse4.1, sse4.2, popcnt, avx, aes, clmul, erms, ht, tsc, tscinvbit, tscinv

Memory: 4k page, physical 10362416k(1746940k free), swap 10362416k(8100k free)

vm_info: OpenJDK 64-Bit Server VM (25.202-b03) for windows-amd64 JRE (1.8.0_202-release-1483-b03), built by "builder" with MS VC++ 10.0 (VS2010)

time: Wed May 20 12:40:06 2020
timezone: W. Central Africa Standard Time
elapsed time: 0 seconds (0d 0h 0m 0s)

