#
# There is insufficient memory for the Java Runtime Environment to continue.
# Native memory allocation (malloc) failed to allocate 1048576 bytes for AllocateHeap
# Possible reasons:
#   The system is out of physical RAM or swap space
#   The process is running with CompressedOops enabled, and the Java Heap may be blocking the growth of the native heap
# Possible solutions:
#   Reduce memory load on the system
#   Increase physical memory or swap space
#   Check if swap backing store is full
#   Decrease Java heap size (-Xmx/-Xms)
#   Decrease number of Java threads
#   Decrease Java thread stack sizes (-Xss)
#   Set larger code cache with -XX:ReservedCodeCacheSize=
#   JVM is running with Zero Based Compressed Oops mode in which the Java heap is
#     placed in the first 32GB address space. The Java Heap base address is the
#     maximum limit for the native heap growth. Please use -XX:HeapBaseMinAddress
#     to set the Java Heap base and to place the Java Heap above 32GB virtual address.
# This output file may be truncated or incomplete.
#
#  Out of Memory Error (memory/allocation.inline.hpp:61), pid=7488, tid=0x0000000000000c2c
#
# JRE version:  (8.0_202-b03) (build )
# Java VM: OpenJDK 64-Bit Server VM (25.202-b03 mixed mode windows-amd64 compressed oops)
# Failed to write core dump. Minidumps are not enabled by default on client versions of Windows
#

---------------  T H R E A D  ---------------

Current thread (0x0000000002fd2800):  JavaThread "Unknown thread" [_thread_in_vm, id=3116, stack(0x0000000002ed0000,0x0000000002fd0000)]

Stack: [0x0000000002ed0000,0x0000000002fd0000]
[error occurred during error reporting (printing stack bounds), id 0xc0000005]

Native frames: (J=compiled Java code, j=interpreted, Vv=VM code, C=native code)


---------------  P R O C E S S  ---------------

Java Threads: ( => current thread )

Other Threads:

=>0x0000000002fd2800 (exited) JavaThread "Unknown thread" [_thread_in_vm, id=3116, stack(0x0000000002ed0000,0x0000000002fd0000)]

VM state:not at safepoint (normal execution)

VM Mutex/Monitor currently owned by a thread: None

heap address: 0x0000000721e00000, size: 2530 MB, Compressed Oops mode: Zero based, Oop shift amount: 3
Narrow klass base: 0x0000000000000000, Narrow klass shift: 3
Compressed class space size: 1073741824 Address: 0x00000007c0000000

Heap:
 PSYoungGen      total 47616K, used 819K [0x000000078b500000, 0x000000078ea00000, 0x00000007c0000000)
  eden space 40960K, 2% used [0x000000078b500000,0x000000078b5cccd8,0x000000078dd00000)
  from space 6656K, 0% used [0x000000078e380000,0x000000078e380000,0x000000078ea00000)
  to   space 6656K, 0% used [0x000000078dd00000,0x000000078dd00000,0x000000078e380000)
 ParOldGen       total 109568K, used 0K [0x0000000721e00000, 0x0000000728900000, 0x000000078b500000)
  object space 109568K, 0% used [0x0000000721e00000,0x0000000721e00000,0x0000000728900000)
 Metaspace       used 778K, capacity 4480K, committed 4480K, reserved 1056768K
  class space    used 74K, capacity 384K, committed 384K, reserved 1048576K

Card table byte_map: [0x0000000012490000,0x0000000012990000] byte_map_base: 0x000000000eb81000

Marking Bits: (ParMarkBitMap*) 0x00000000770c9f30
 Begin Bits: [0x00000000130e0000, 0x0000000015868000)
 End Bits:   [0x0000000015868000, 0x0000000017ff0000)

Polling page: 0x0000000001310000

CodeCache: size=245760Kb used=328Kb max_used=328Kb free=245431Kb
 bounds [0x00000000030d0000, 0x0000000003340000, 0x00000000120d0000]
 total_blobs=57 nmethods=0 adapters=38
 compilation: enabled

Compilation events (0 events):
No events

GC Heap History (0 events):
No events

Deoptimization events (0 events):
No events

Classes redefined (0 events):
No events

Internal exceptions (0 events):
No events

Events (10 events):
Event: 0.030 loading class java/lang/Short
Event: 0.031 loading class java/lang/Short done
Event: 0.031 loading class java/lang/Integer
Event: 0.031 loading class java/lang/Integer done
Event: 0.031 loading class java/lang/Long
Event: 0.031 loading class java/lang/Long done
Event: 0.032 loading class java/lang/NullPointerException
Event: 0.032 loading class java/lang/NullPointerException done
Event: 0.032 loading class java/lang/ArithmeticException
Event: 0.032 loading class java/lang/ArithmeticException done


Dynamic libraries:
0x00007ff61fd90000 - 0x00007ff61fdc1000 	C:\Program Files\Android\Android Studio\jre\bin\java.EXE
0x00007ffe6c240000 - 0x00007ffe6c430000 	C:\WINDOWS\SYSTEM32\ntdll.dll
0x00007ffe6b8f0000 - 0x00007ffe6b9a2000 	C:\WINDOWS\System32\KERNEL32.DLL
0x00007ffe69280000 - 0x00007ffe69523000 	C:\WINDOWS\System32\KERNELBASE.dll
0x00007ffe672e0000 - 0x00007ffe6736f000 	C:\WINDOWS\SYSTEM32\apphelp.dll
0x00007ffe6b3a0000 - 0x00007ffe6b443000 	C:\WINDOWS\System32\ADVAPI32.dll
0x00007ffe6a460000 - 0x00007ffe6a4fe000 	C:\WINDOWS\System32\msvcrt.dll
0x00007ffe6b850000 - 0x00007ffe6b8e7000 	C:\WINDOWS\System32\sechost.dll
0x00007ffe6b0b0000 - 0x00007ffe6b1d0000 	C:\WINDOWS\System32\RPCRT4.dll
0x00007ffe6af10000 - 0x00007ffe6b0a4000 	C:\WINDOWS\System32\USER32.dll
0x00007ffe69f10000 - 0x00007ffe69f31000 	C:\WINDOWS\System32\win32u.dll
0x00007ffe6a380000 - 0x00007ffe6a3a6000 	C:\WINDOWS\System32\GDI32.dll
0x00007ffe6a150000 - 0x00007ffe6a2e4000 	C:\WINDOWS\System32\gdi32full.dll
0x00007ffe6a040000 - 0x00007ffe6a0de000 	C:\WINDOWS\System32\msvcp_win.dll
0x00007ffe69f40000 - 0x00007ffe6a03a000 	C:\WINDOWS\System32\ucrtbase.dll
0x00007ffe5a340000 - 0x00007ffe5a5c5000 	C:\WINDOWS\WinSxS\amd64_microsoft.windows.common-controls_6595b64144ccf1df_6.0.18362.778_none_e6c6b761130d4fb8\COMCTL32.dll
0x00007ffe6b510000 - 0x00007ffe6b846000 	C:\WINDOWS\System32\combase.dll
0x00007ffe69ce0000 - 0x00007ffe69d60000 	C:\WINDOWS\System32\bcryptPrimitives.dll
0x00007ffe6a2f0000 - 0x00007ffe6a31e000 	C:\WINDOWS\System32\IMM32.DLL
0x0000000077e90000 - 0x0000000077f62000 	C:\Program Files\Android\Android Studio\jre\jre\bin\msvcr100.dll
0x0000000076900000 - 0x0000000077146000 	C:\Program Files\Android\Android Studio\jre\jre\bin\server\jvm.dll
0x00007ffe6b450000 - 0x00007ffe6b458000 	C:\WINDOWS\System32\PSAPI.DLL
0x00007ffe63e90000 - 0x00007ffe63e99000 	C:\WINDOWS\SYSTEM32\WSOCK32.dll
0x00007ffe6b330000 - 0x00007ffe6b39f000 	C:\WINDOWS\System32\WS2_32.dll
0x00007ffe66fa0000 - 0x00007ffe66fc4000 	C:\WINDOWS\SYSTEM32\WINMM.dll
0x00007ffe5ca90000 - 0x00007ffe5ca9a000 	C:\WINDOWS\SYSTEM32\VERSION.dll
0x00007ffe66f70000 - 0x00007ffe66f9d000 	C:\WINDOWS\SYSTEM32\WINMMBASE.dll
0x00007ffe6a100000 - 0x00007ffe6a14a000 	C:\WINDOWS\System32\cfgmgr32.dll
0x00007ffe639a0000 - 0x00007ffe639af000 	C:\Program Files\Android\Android Studio\jre\jre\bin\verify.dll
0x00007ffe5bd70000 - 0x00007ffe5bd99000 	C:\Program Files\Android\Android Studio\jre\jre\bin\java.dll
0x00007ffe5bb50000 - 0x00007ffe5bb66000 	C:\Program Files\Android\Android Studio\jre\jre\bin\zip.dll

VM Arguments:
java_command: <unknown>
java_class_path (initial): .
Launcher Type: SUN_STANDARD

Environment Variables:
PATH=C:\Windows\system32;C:\Windows;C:\Windows\System32\Wbem;C:\Windows\System32\WindowsPowerShell\v1.0\;C:\Windows\System32\OpenSSH\;C:\Program Files\Git\cmd;C:\Users\Jason\AppData\Local\Microsoft\WindowsApps;C:\Users\Jason\AppData\Local\Programs\Microsoft VS Code\bin;C:\adb;C:\Program Files\dotnet\;C:\WINDOWS\system32;C:\WINDOWS;C:\WINDOWS\System32\Wbem;C:\WINDOWS\System32\WindowsPowerShell\v1.0\;C:\WINDOWS\System32\OpenSSH\;C:\Program Files\Dart\dart-sdk\bin;C:\Program Files\Microsoft SQL Server\130\Tools\Binn\;C:\Program Files\Microsoft SQL Server\Client SDK\ODBC\170\Tools\Binn\;C:\src\flutter\bin;C:\Program Files (x86)\Microsoft SQL Server\150\Tools\Binn\;C:\Program Files\Microsoft SQL Server\150\Tools\Binn\;C:\Program Files\Microsoft SQL Server\150\DTS\Binn\;C:\Users\Jason\.dotnet\tools;C:\src\flutter\bin\mingit\cmd
USERNAME=Jason
OS=Windows_NT
PROCESSOR_IDENTIFIER=Intel64 Family 6 Model 58 Stepping 9, GenuineIntel



---------------  S Y S T E M  ---------------

OS: Windows 10.0 , 64 bit Build 18362 (10.0.18362.778)

CPU:total 4 (initial active 4) (2 cores per cpu, 2 threads per core) family 6 model 58 stepping 9, cmov, cx8, fxsr, mmx, sse, sse2, sse3, ssse3, sse4.1, sse4.2, popcnt, avx, aes, clmul, erms, ht, tsc, tscinvbit, tscinv

Memory: 4k page, physical 10362416k(1991732k free), swap 10362416k(7704k free)

vm_info: OpenJDK 64-Bit Server VM (25.202-b03) for windows-amd64 JRE (1.8.0_202-release-1483-b03), built by "builder" with MS VC++ 10.0 (VS2010)

time: Wed May 20 22:40:53 2020
timezone: W. Central Africa Standard Time
elapsed time: 0 seconds (0d 0h 0m 0s)

