#
# There is insufficient memory for the Java Runtime Environment to continue.
# Native memory allocation (malloc) failed to allocate 32744 bytes for ChunkPool::allocate
# Possible reasons:
#   The system is out of physical RAM or swap space
#   The process is running with CompressedOops enabled, and the Java Heap may be blocking the growth of the native heap
# Possible solutions:
#   Reduce memory load on the system
#   Increase physical memory or swap space
#   Check if swap backing store is full
#   Decrease Java heap size (-Xmx/-Xms)
#   Decrease number of Java threads
#   Decrease Java thread stack sizes (-Xss)
#   Set larger code cache with -XX:ReservedCodeCacheSize=
#   JVM is running with Zero Based Compressed Oops mode in which the Java heap is
#     placed in the first 32GB address space. The Java Heap base address is the
#     maximum limit for the native heap growth. Please use -XX:HeapBaseMinAddress
#     to set the Java Heap base and to place the Java Heap above 32GB virtual address.
# This output file may be truncated or incomplete.
#
#  Out of Memory Error (allocation.cpp:272), pid=4668, tid=0x0000000000000b90
#
# JRE version: OpenJDK Runtime Environment (8.0_202-b03) (build 1.8.0_202-release-1483-b03)
# Java VM: OpenJDK 64-Bit Server VM (25.202-b03 mixed mode windows-amd64 compressed oops)
# Failed to write core dump. Minidumps are not enabled by default on client versions of Windows
#

---------------  T H R E A D  ---------------

Current thread (0x0000000018a13800):  JavaThread "C2 CompilerThread1" daemon [_thread_in_native, id=2960, stack(0x000000001a110000,0x000000001a210000)]

Stack: [0x000000001a110000,0x000000001a210000]
[error occurred during error reporting (printing stack bounds), id 0xc0000005]

Native frames: (J=compiled Java code, j=interpreted, Vv=VM code, C=native code)


Current CompileTask:
C2:  12256  957       4       com.esotericsoftware.kryo.io.Input::require (220 bytes)


---------------  P R O C E S S  ---------------

Java Threads: ( => current thread )
  0x000000001b0e7000 JavaThread "Forward input" [_thread_blocked, id=7000, stack(0x000000001c920000,0x000000001ca20000)]
  0x000000001b0e4000 JavaThread "DisconnectableInputStream source reader" daemon [_thread_in_native, id=6636, stack(0x000000001c820000,0x000000001c920000)]
  0x000000001aeec000 JavaThread "pool-1-thread-1" [_thread_blocked, id=6384, stack(0x000000001b110000,0x000000001b210000)]
  0x0000000018a1c800 JavaThread "Service Thread" daemon [_thread_blocked, id=8644, stack(0x000000001a710000,0x000000001a810000)]
  0x000000001a218800 JavaThread "C1 CompilerThread2" daemon [_thread_in_vm, id=5072, stack(0x000000001a610000,0x000000001a710000)]
=>0x0000000018a13800 JavaThread "C2 CompilerThread1" daemon [_thread_in_native, id=2960, stack(0x000000001a110000,0x000000001a210000)]
  0x00000000189c1000 JavaThread "C2 CompilerThread0" daemon [_thread_blocked, id=5780, stack(0x000000001a010000,0x000000001a110000)]
  0x00000000189bf800 JavaThread "Attach Listener" daemon [_thread_blocked, id=9156, stack(0x0000000019f10000,0x000000001a010000)]
  0x00000000189be000 JavaThread "Signal Dispatcher" daemon [_thread_blocked, id=2340, stack(0x0000000019e10000,0x0000000019f10000)]
  0x0000000002bf7000 JavaThread "Finalizer" daemon [_thread_blocked, id=4908, stack(0x0000000019c10000,0x0000000019d10000)]
  0x00000000189a9800 JavaThread "Reference Handler" daemon [_thread_blocked, id=4016, stack(0x0000000019b10000,0x0000000019c10000)]
  0x00000000028fe800 JavaThread "main" [_thread_in_native, id=9204, stack(0x0000000002a00000,0x0000000002b00000)]

Other Threads:
  0x0000000018988800 VMThread [stack: 0x0000000019a10000,0x0000000019b10000] [id=3524]
  0x0000000018a1d800 WatcherThread [stack: 0x000000001a810000,0x000000001a910000] [id=7404]

VM state:not at safepoint (normal execution)

VM Mutex/Monitor currently owned by a thread: None

heap address: 0x0000000721e00000, size: 2530 MB, Compressed Oops mode: Zero based, Oop shift amount: 3
Narrow klass base: 0x0000000000000000, Narrow klass shift: 3
Compressed class space size: 1073741824 Address: 0x00000007c0000000

Heap:
 PSYoungGen      total 47616K, used 39347K [0x000000078b500000, 0x000000078ea00000, 0x00000007c0000000)
  eden space 40960K, 96% used [0x000000078b500000,0x000000078db6cea8,0x000000078dd00000)
  from space 6656K, 0% used [0x000000078e380000,0x000000078e380000,0x000000078ea00000)
  to   space 6656K, 0% used [0x000000078dd00000,0x000000078dd00000,0x000000078e380000)
 ParOldGen       total 109568K, used 0K [0x0000000721e00000, 0x0000000728900000, 0x000000078b500000)
  object space 109568K, 0% used [0x0000000721e00000,0x0000000721e00000,0x0000000728900000)
 Metaspace       used 10549K, capacity 10778K, committed 11008K, reserved 1058816K
  class space    used 1373K, capacity 1465K, committed 1536K, reserved 1048576K

Card table byte_map: [0x0000000011fc0000,0x00000000124c0000] byte_map_base: 0x000000000e6b1000

Marking Bits: (ParMarkBitMap*) 0x00000000770c9f30
 Begin Bits: [0x0000000012c10000, 0x0000000015398000)
 End Bits:   [0x0000000015398000, 0x0000000017b20000)

Polling page: 0x0000000000ea0000

CodeCache: size=245760Kb used=3373Kb max_used=3373Kb free=242386Kb
 bounds [0x0000000002c00000, 0x0000000002f50000, 0x0000000011c00000]
 total_blobs=1315 nmethods=956 adapters=273
 compilation: enabled

Compilation events (10 events):
Event: 12.251 Thread 0x000000001a218800  951       3       org.gradle.internal.dispatch.MethodInvocation::<init> (25 bytes)
Event: 12.252 Thread 0x000000001a218800 nmethod 951 0x0000000002f45350 code [0x0000000002f454c0, 0x0000000002f45710]
Event: 12.252 Thread 0x000000001a218800  952       3       org.gradle.internal.event.ListenerBroadcast::dispatch (9 bytes)
Event: 12.252 Thread 0x000000001a218800 nmethod 952 0x0000000002f457d0 code [0x0000000002f45940, 0x0000000002f45ca8]
Event: 12.252 Thread 0x000000001a218800  953       3       org.gradle.internal.event.ListenerBroadcast::dispatch (9 bytes)
Event: 12.252 Thread 0x000000001a218800 nmethod 953 0x0000000002f45dd0 code [0x0000000002f45f40, 0x0000000002f46168]
Event: 12.252 Thread 0x000000001a218800  947   !   3       sun.nio.ch.SocketChannelImpl::ensureReadOpen (57 bytes)
Event: 12.252 Thread 0x0000000018a13800  957       4       com.esotericsoftware.kryo.io.Input::require (220 bytes)
Event: 12.253 Thread 0x000000001a218800 nmethod 947 0x0000000002f46250 code [0x0000000002f46420, 0x0000000002f46c58]
Event: 12.253 Thread 0x000000001a218800  955       3       org.gradle.internal.logging.sink.OutputEventTransformer::onOutput (399 bytes)

GC Heap History (0 events):
No events

Deoptimization events (8 events):
Event: 1.337 Thread 0x00000000028fe800 Uncommon trap: reason=unstable_if action=reinterpret pc=0x0000000002d9a488 method=java.util.regex.Matcher.reset()Ljava/util/regex/Matcher; @ 47
Event: 1.337 Thread 0x00000000028fe800 Uncommon trap: reason=class_check action=maybe_recompile pc=0x0000000002d9fd14 method=java.util.regex.Matcher.match(II)Z @ 86
Event: 1.338 Thread 0x00000000028fe800 Uncommon trap: reason=class_check action=maybe_recompile pc=0x0000000002d9fd14 method=java.util.regex.Matcher.match(II)Z @ 86
Event: 1.338 Thread 0x00000000028fe800 Uncommon trap: reason=class_check action=maybe_recompile pc=0x0000000002d9fd14 method=java.util.regex.Matcher.match(II)Z @ 86
Event: 1.339 Thread 0x00000000028fe800 Uncommon trap: reason=class_check action=maybe_recompile pc=0x0000000002d9fd14 method=java.util.regex.Matcher.match(II)Z @ 86
Event: 1.793 Thread 0x00000000028fe800 Uncommon trap: reason=unstable_if action=reinterpret pc=0x0000000002e6f354 method=java.util.HashMap.hash(Ljava/lang/Object;)I @ 1
Event: 2.036 Thread 0x00000000028fe800 Uncommon trap: reason=unstable_if action=reinterpret pc=0x0000000002e68084 method=java.util.HashMap.getNode(ILjava/lang/Object;)Ljava/util/HashMap$Node; @ 129
Event: 2.036 Thread 0x00000000028fe800 Uncommon trap: reason=bimorphic action=maybe_recompile pc=0x0000000002dfa654 method=java.util.HashMap.putVal(ILjava/lang/Object;Ljava/lang/Object;ZZ)Ljava/lang/Object; @ 203

Classes redefined (0 events):
No events

Internal exceptions (10 events):
Event: 1.793 Thread 0x00000000028fe800 Implicit null exception at 0x0000000002e6f115 to 0x0000000002e6f345
Event: 1.806 Thread 0x00000000028fe800 Exception <a 'java/lang/ArrayIndexOutOfBoundsException'> (0x000000078cfd4638) thrown at [D:\src\AOSP-openjdk-cygwin\jdk8u\hotspot\src\share\vm\runtime\sharedRuntime.cpp, line 605]
Event: 1.807 Thread 0x00000000028fe800 Exception <a 'java/lang/ArrayIndexOutOfBoundsException'> (0x000000078cfd8978) thrown at [D:\src\AOSP-openjdk-cygwin\jdk8u\hotspot\src\share\vm\runtime\sharedRuntime.cpp, line 605]
Event: 1.815 Thread 0x00000000028fe800 Exception <a 'java/lang/ArrayIndexOutOfBoundsException'> (0x000000078d03a390) thrown at [D:\src\AOSP-openjdk-cygwin\jdk8u\hotspot\src\share\vm\runtime\sharedRuntime.cpp, line 605]
Event: 1.815 Thread 0x00000000028fe800 Exception <a 'java/lang/ArrayIndexOutOfBoundsException'> (0x000000078d03b460) thrown at [D:\src\AOSP-openjdk-cygwin\jdk8u\hotspot\src\share\vm\runtime\sharedRuntime.cpp, line 605]
Event: 1.815 Thread 0x00000000028fe800 Exception <a 'java/lang/ArrayIndexOutOfBoundsException'> (0x000000078d03c338) thrown at [D:\src\AOSP-openjdk-cygwin\jdk8u\hotspot\src\share\vm\runtime\sharedRuntime.cpp, line 605]
Event: 1.816 Thread 0x00000000028fe800 Exception <a 'java/lang/ArrayIndexOutOfBoundsException'> (0x000000078d03eb10) thrown at [D:\src\AOSP-openjdk-cygwin\jdk8u\hotspot\src\share\vm\runtime\sharedRuntime.cpp, line 605]
Event: 1.816 Thread 0x00000000028fe800 Exception <a 'java/lang/ArrayIndexOutOfBoundsException'> (0x000000078d042780) thrown at [D:\src\AOSP-openjdk-cygwin\jdk8u\hotspot\src\share\vm\runtime\sharedRuntime.cpp, line 605]
Event: 1.923 Thread 0x00000000028fe800 Exception <a 'java/lang/NoSuchFieldError': method resolution failed> (0x000000078d20dc60) thrown at [D:\src\AOSP-openjdk-cygwin\jdk8u\hotspot\src\share\vm\prims\methodHandles.cpp, line 1167]
Event: 1.927 Thread 0x00000000028fe800 Exception <a 'java/lang/NoSuchFieldError': method resolution failed> (0x000000078d21b720) thrown at [D:\src\AOSP-openjdk-cygwin\jdk8u\hotspot\src\share\vm\prims\methodHandles.cpp, line 1167]

Events (10 events):
Event: 4.437 loading class sun/reflect/ClassDefiner$1
Event: 4.437 loading class sun/reflect/ClassDefiner$1 done
Event: 12.092 loading class java/lang/Class$4
Event: 12.093 loading class java/lang/Class$4 done
Event: 12.093 loading class org/gradle/internal/logging/events/StyledTextOutputEvent$Span
Event: 12.093 loading class org/gradle/internal/logging/events/StyledTextOutputEvent$Span done
Event: 12.093 loading class org/gradle/internal/logging/events/operations/StyledTextBuildOperationProgressDetails$Span
Event: 12.093 loading class org/gradle/internal/logging/events/operations/StyledTextBuildOperationProgressDetails$Span done
Event: 12.097 loading class org/gradle/internal/logging/text/AbstractLineChoppingStyledTextOutput$StateContext
Event: 12.097 loading class org/gradle/internal/logging/text/AbstractLineChoppingStyledTextOutput$StateContext done


Dynamic libraries:
0x00007ff61fd90000 - 0x00007ff61fdc1000 	C:\Program Files\Android\Android Studio\jre\bin\java.exe
0x00007ffe6c240000 - 0x00007ffe6c430000 	C:\WINDOWS\SYSTEM32\ntdll.dll
0x00007ffe6b8f0000 - 0x00007ffe6b9a2000 	C:\WINDOWS\System32\KERNEL32.DLL
0x00007ffe69280000 - 0x00007ffe69523000 	C:\WINDOWS\System32\KERNELBASE.dll
0x00007ffe672e0000 - 0x00007ffe6736f000 	C:\WINDOWS\SYSTEM32\apphelp.dll
0x00007ffe6b3a0000 - 0x00007ffe6b443000 	C:\WINDOWS\System32\ADVAPI32.dll
0x00007ffe6a460000 - 0x00007ffe6a4fe000 	C:\WINDOWS\System32\msvcrt.dll
0x00007ffe6b850000 - 0x00007ffe6b8e7000 	C:\WINDOWS\System32\sechost.dll
0x00007ffe6b0b0000 - 0x00007ffe6b1d0000 	C:\WINDOWS\System32\RPCRT4.dll
0x00007ffe6af10000 - 0x00007ffe6b0a4000 	C:\WINDOWS\System32\USER32.dll
0x00007ffe69f10000 - 0x00007ffe69f31000 	C:\WINDOWS\System32\win32u.dll
0x00007ffe6a380000 - 0x00007ffe6a3a6000 	C:\WINDOWS\System32\GDI32.dll
0x00007ffe6a150000 - 0x00007ffe6a2e4000 	C:\WINDOWS\System32\gdi32full.dll
0x00007ffe6a040000 - 0x00007ffe6a0de000 	C:\WINDOWS\System32\msvcp_win.dll
0x00007ffe69f40000 - 0x00007ffe6a03a000 	C:\WINDOWS\System32\ucrtbase.dll
0x00007ffe5a340000 - 0x00007ffe5a5c5000 	C:\WINDOWS\WinSxS\amd64_microsoft.windows.common-controls_6595b64144ccf1df_6.0.18362.778_none_e6c6b761130d4fb8\COMCTL32.dll
0x00007ffe6b510000 - 0x00007ffe6b846000 	C:\WINDOWS\System32\combase.dll
0x00007ffe69ce0000 - 0x00007ffe69d60000 	C:\WINDOWS\System32\bcryptPrimitives.dll
0x00007ffe6a2f0000 - 0x00007ffe6a31e000 	C:\WINDOWS\System32\IMM32.DLL
0x0000000077e90000 - 0x0000000077f62000 	C:\Program Files\Android\Android Studio\jre\jre\bin\msvcr100.dll
0x0000000076900000 - 0x0000000077146000 	C:\Program Files\Android\Android Studio\jre\jre\bin\server\jvm.dll
0x00007ffe6b450000 - 0x00007ffe6b458000 	C:\WINDOWS\System32\PSAPI.DLL
0x00007ffe63e90000 - 0x00007ffe63e99000 	C:\WINDOWS\SYSTEM32\WSOCK32.dll
0x00007ffe6b330000 - 0x00007ffe6b39f000 	C:\WINDOWS\System32\WS2_32.dll
0x00007ffe66fa0000 - 0x00007ffe66fc4000 	C:\WINDOWS\SYSTEM32\WINMM.dll
0x00007ffe5ca90000 - 0x00007ffe5ca9a000 	C:\WINDOWS\SYSTEM32\VERSION.dll
0x00007ffe66f70000 - 0x00007ffe66f9d000 	C:\WINDOWS\SYSTEM32\WINMMBASE.dll
0x00007ffe6a100000 - 0x00007ffe6a14a000 	C:\WINDOWS\System32\cfgmgr32.dll
0x00007ffe639a0000 - 0x00007ffe639af000 	C:\Program Files\Android\Android Studio\jre\jre\bin\verify.dll
0x00007ffe5bd70000 - 0x00007ffe5bd99000 	C:\Program Files\Android\Android Studio\jre\jre\bin\java.dll
0x00007ffe5bb50000 - 0x00007ffe5bb66000 	C:\Program Files\Android\Android Studio\jre\jre\bin\zip.dll
0x00007ffe6a7f0000 - 0x00007ffe6aed5000 	C:\WINDOWS\System32\SHELL32.dll
0x00007ffe6a3b0000 - 0x00007ffe6a459000 	C:\WINDOWS\System32\shcore.dll
0x00007ffe69530000 - 0x00007ffe69cb0000 	C:\WINDOWS\System32\windows.storage.dll
0x00007ffe69130000 - 0x00007ffe69153000 	C:\WINDOWS\System32\profapi.dll
0x00007ffe69180000 - 0x00007ffe691ca000 	C:\WINDOWS\System32\powrprof.dll
0x00007ffe69100000 - 0x00007ffe69110000 	C:\WINDOWS\System32\UMPDC.dll
0x00007ffe6bbf0000 - 0x00007ffe6bc42000 	C:\WINDOWS\System32\shlwapi.dll
0x00007ffe69110000 - 0x00007ffe69121000 	C:\WINDOWS\System32\kernel.appcore.dll
0x00007ffe6a0e0000 - 0x00007ffe6a0f7000 	C:\WINDOWS\System32\cryptsp.dll
0x00007ffe489a0000 - 0x00007ffe489ba000 	C:\Program Files\Android\Android Studio\jre\jre\bin\net.dll
0x00007ffe68970000 - 0x00007ffe689d7000 	C:\WINDOWS\system32\mswsock.dll
0x00007ffe48980000 - 0x00007ffe48991000 	C:\Program Files\Android\Android Studio\jre\jre\bin\nio.dll
0x00007ffe465c0000 - 0x00007ffe465e6000 	C:\Users\Jason\.gradle\native\30\windows-amd64\native-platform.dll
0x00007ffe63010000 - 0x00007ffe6301d000 	C:\Program Files\Android\Android Studio\jre\jre\bin\management.dll
0x00007ffe684e0000 - 0x00007ffe68513000 	C:\WINDOWS\system32\rsaenh.dll
0x00007ffe69cb0000 - 0x00007ffe69cd6000 	C:\WINDOWS\System32\bcrypt.dll
0x00007ffe69020000 - 0x00007ffe69045000 	C:\WINDOWS\SYSTEM32\USERENV.dll
0x00007ffe68b40000 - 0x00007ffe68b4c000 	C:\WINDOWS\SYSTEM32\CRYPTBASE.dll
0x00007ffe68680000 - 0x00007ffe686ba000 	C:\WINDOWS\SYSTEM32\IPHLPAPI.DLL
0x00007ffe6bb60000 - 0x00007ffe6bb68000 	C:\WINDOWS\System32\NSI.dll
0x00007ffe60160000 - 0x00007ffe60176000 	C:\WINDOWS\SYSTEM32\dhcpcsvc6.DLL
0x00007ffe60250000 - 0x00007ffe6026c000 	C:\WINDOWS\SYSTEM32\dhcpcsvc.DLL
0x00007ffe686c0000 - 0x00007ffe6878a000 	C:\WINDOWS\SYSTEM32\DNSAPI.dll

VM Arguments:
jvm_args: -Dorg.gradle.appname=gradlew 
java_command: org.gradle.wrapper.GradleWrapperMain -q -Ptarget-platform=android-x86 -Ptarget=C:\Users\Jason\xd\lib\main.dart -Ptrack-widget-creation=true -Pfilesystem-scheme=org-dartlang-root assembleDebug
java_class_path (initial): C:\Users\Jason\xd\android\\gradle\wrapper\gradle-wrapper.jar
Launcher Type: SUN_STANDARD

Environment Variables:
JAVA_HOME=C:\Program Files\Android\Android Studio\jre
CLASSPATH=C:\Users\Jason\xd\android\\gradle\wrapper\gradle-wrapper.jar
PATH=C:\Windows\system32;C:\Windows;C:\Windows\System32\Wbem;C:\Windows\System32\WindowsPowerShell\v1.0\;C:\Windows\System32\OpenSSH\;C:\Program Files\Git\cmd;C:\Users\Jason\AppData\Local\Microsoft\WindowsApps;C:\Users\Jason\AppData\Local\Programs\Microsoft VS Code\bin;C:\adb;C:\Program Files\dotnet\;C:\WINDOWS\system32;C:\WINDOWS;C:\WINDOWS\System32\Wbem;C:\WINDOWS\System32\WindowsPowerShell\v1.0\;C:\WINDOWS\System32\OpenSSH\;C:\Program Files\Dart\dart-sdk\bin;C:\Program Files\Microsoft SQL Server\130\Tools\Binn\;C:\Program Files\Microsoft SQL Server\Client SDK\ODBC\170\Tools\Binn\;C:\src\flutter\bin;C:\Program Files (x86)\Microsoft SQL Server\150\Tools\Binn\;C:\Program Files\Microsoft SQL Server\150\Tools\Binn\;C:\Program Files\Microsoft SQL Server\150\DTS\Binn\;C:\Users\Jason\.dotnet\tools;C:\src\flutter\bin\mingit\cmd
USERNAME=Jason
OS=Windows_NT
PROCESSOR_IDENTIFIER=Intel64 Family 6 Model 58 Stepping 9, GenuineIntel



---------------  S Y S T E M  ---------------

OS: Windows 10.0 , 64 bit Build 18362 (10.0.18362.778)

CPU:total 4 (initial active 4) (2 cores per cpu, 2 threads per core) family 6 model 58 stepping 9, cmov, cx8, fxsr, mmx, sse, sse2, sse3, ssse3, sse4.1, sse4.2, popcnt, avx, aes, clmul, erms, ht, tsc, tscinvbit, tscinv

Memory: 4k page, physical 10362416k(1624480k free), swap 10362416k(4096k free)

vm_info: OpenJDK 64-Bit Server VM (25.202-b03) for windows-amd64 JRE (1.8.0_202-release-1483-b03), built by "builder" with MS VC++ 10.0 (VS2010)

time: Wed May 20 22:41:44 2020
timezone: W. Central Africa Standard Time
elapsed time: 12 seconds (0d 0h 0m 12s)

