#
# There is insufficient memory for the Java Runtime Environment to continue.
# Native memory allocation (malloc) failed to allocate 40224 bytes for Chunk::new
# Possible reasons:
#   The system is out of physical RAM or swap space
#   The process is running with CompressedOops enabled, and the Java Heap may be blocking the growth of the native heap
# Possible solutions:
#   Reduce memory load on the system
#   Increase physical memory or swap space
#   Check if swap backing store is full
#   Decrease Java heap size (-Xmx/-Xms)
#   Decrease number of Java threads
#   Decrease Java thread stack sizes (-Xss)
#   Set larger code cache with -XX:ReservedCodeCacheSize=
#   JVM is running with Zero Based Compressed Oops mode in which the Java heap is
#     placed in the first 32GB address space. The Java Heap base address is the
#     maximum limit for the native heap growth. Please use -XX:HeapBaseMinAddress
#     to set the Java Heap base and to place the Java Heap above 32GB virtual address.
# This output file may be truncated or incomplete.
#
#  Out of Memory Error (allocation.cpp:389), pid=9368, tid=0x0000000000000dd8
#
# JRE version: OpenJDK Runtime Environment (8.0_202-b03) (build 1.8.0_202-release-1483-b03)
# Java VM: OpenJDK 64-Bit Server VM (25.202-b03 mixed mode windows-amd64 compressed oops)
# Failed to write core dump. Minidumps are not enabled by default on client versions of Windows
#

---------------  T H R E A D  ---------------

Current thread (0x0000000018939000):  JavaThread "C2 CompilerThread1" daemon [_thread_in_native, id=3544, stack(0x000000001a090000,0x000000001a190000)]

Stack: [0x000000001a090000,0x000000001a190000]
[error occurred during error reporting (printing stack bounds), id 0xc0000005]

Native frames: (J=compiled Java code, j=interpreted, Vv=VM code, C=native code)


Current CompileTask:
C2:   1553  538       4       java.util.zip.ZipCoder::getBytes (192 bytes)


---------------  P R O C E S S  ---------------

Java Threads: ( => current thread )
  0x000000001ae86000 JavaThread "pool-1-thread-1" [_thread_blocked, id=6012, stack(0x000000001c060000,0x000000001c160000)]
  0x000000001898e000 JavaThread "Service Thread" daemon [_thread_blocked, id=4776, stack(0x000000001a690000,0x000000001a790000)]
  0x000000001895f800 JavaThread "C1 CompilerThread2" daemon [_thread_blocked, id=11668, stack(0x000000001a190000,0x000000001a290000)]
=>0x0000000018939000 JavaThread "C2 CompilerThread1" daemon [_thread_in_native, id=3544, stack(0x000000001a090000,0x000000001a190000)]
  0x0000000018932000 JavaThread "C2 CompilerThread0" daemon [_thread_blocked, id=12176, stack(0x0000000019f90000,0x000000001a090000)]
  0x0000000018930000 JavaThread "Attach Listener" daemon [_thread_blocked, id=4824, stack(0x0000000019e90000,0x0000000019f90000)]
  0x000000001892f000 JavaThread "Signal Dispatcher" daemon [_thread_blocked, id=7284, stack(0x0000000019d90000,0x0000000019e90000)]
  0x0000000002b2c800 JavaThread "Finalizer" daemon [_thread_blocked, id=836, stack(0x0000000019b80000,0x0000000019c80000)]
  0x0000000018919800 JavaThread "Reference Handler" daemon [_thread_blocked, id=7052, stack(0x0000000019a80000,0x0000000019b80000)]
  0x000000000290e800 JavaThread "main" [_thread_in_vm, id=6708, stack(0x0000000002930000,0x0000000002a30000)]

Other Threads:
  0x00000000188f8800 VMThread [stack: 0x0000000019980000,0x0000000019a80000] [id=9856]
  0x000000001a2b9000 WatcherThread [stack: 0x000000001a790000,0x000000001a890000] [id=8512]

VM state:not at safepoint (normal execution)

VM Mutex/Monitor currently owned by a thread: None

heap address: 0x0000000721e00000, size: 2530 MB, Compressed Oops mode: Zero based, Oop shift amount: 3
Narrow klass base: 0x0000000000000000, Narrow klass shift: 3
Compressed class space size: 1073741824 Address: 0x00000007c0000000

Heap:
 PSYoungGen      total 47616K, used 25399K [0x000000078b500000, 0x000000078ea00000, 0x00000007c0000000)
  eden space 40960K, 62% used [0x000000078b500000,0x000000078cdcdc40,0x000000078dd00000)
  from space 6656K, 0% used [0x000000078e380000,0x000000078e380000,0x000000078ea00000)
  to   space 6656K, 0% used [0x000000078dd00000,0x000000078dd00000,0x000000078e380000)
 ParOldGen       total 109568K, used 0K [0x0000000721e00000, 0x0000000728900000, 0x000000078b500000)
  object space 109568K, 0% used [0x0000000721e00000,0x0000000721e00000,0x0000000728900000)
 Metaspace       used 7556K, capacity 7752K, committed 7936K, reserved 1056768K
  class space    used 952K, capacity 1012K, committed 1024K, reserved 1048576K

Card table byte_map: [0x0000000011ef0000,0x00000000123f0000] byte_map_base: 0x000000000e5e1000

Marking Bits: (ParMarkBitMap*) 0x0000000064a79f30
 Begin Bits: [0x0000000012b40000, 0x00000000152c8000)
 End Bits:   [0x00000000152c8000, 0x0000000017a50000)

Polling page: 0x00000000028e0000

CodeCache: size=245760Kb used=2450Kb max_used=2461Kb free=243309Kb
 bounds [0x0000000002b30000, 0x0000000002da0000, 0x0000000011b30000]
 total_blobs=850 nmethods=537 adapters=227
 compilation: enabled

Compilation events (10 events):
Event: 1.523 Thread 0x000000001895f800 nmethod 533 0x0000000002d92510 code [0x0000000002d92680, 0x0000000002d92908]
Event: 1.523 Thread 0x000000001895f800  534       3       java.lang.String::lastIndexOf (25 bytes)
Event: 1.523 Thread 0x000000001895f800 nmethod 534 0x0000000002d920d0 code [0x0000000002d92240, 0x0000000002d92408]
Event: 1.524 Thread 0x000000001895f800  535       3       java.net.URLClassLoader::getAndVerifyPackage (109 bytes)
Event: 1.526 Thread 0x000000001895f800 nmethod 535 0x0000000002d92d10 code [0x0000000002d93000, 0x0000000002d947e8]
Event: 1.526 Thread 0x000000001895f800  536       3       java.lang.ClassLoader::preDefineClass (109 bytes)
Event: 1.527 Thread 0x000000001895f800 nmethod 536 0x0000000002d8ff90 code [0x0000000002d90260, 0x0000000002d917c8]
Event: 1.543 Thread 0x0000000018932000  537       4       java.util.zip.ZipFile::ensureOpen (37 bytes)
Event: 1.544 Thread 0x0000000018939000  538       4       java.util.zip.ZipCoder::getBytes (192 bytes)
Event: 1.544 Thread 0x0000000018932000 nmethod 537 0x0000000002d97f50 code [0x0000000002d98080, 0x0000000002d98118]

GC Heap History (0 events):
No events

Deoptimization events (5 events):
Event: 1.256 Thread 0x000000000290e800 Uncommon trap: reason=unstable_if action=reinterpret pc=0x0000000002ccaac8 method=java.util.regex.Matcher.reset()Ljava/util/regex/Matcher; @ 47
Event: 1.256 Thread 0x000000000290e800 Uncommon trap: reason=class_check action=maybe_recompile pc=0x0000000002cd0354 method=java.util.regex.Matcher.match(II)Z @ 86
Event: 1.256 Thread 0x000000000290e800 Uncommon trap: reason=class_check action=maybe_recompile pc=0x0000000002cd0354 method=java.util.regex.Matcher.match(II)Z @ 86
Event: 1.257 Thread 0x000000000290e800 Uncommon trap: reason=class_check action=maybe_recompile pc=0x0000000002cd0354 method=java.util.regex.Matcher.match(II)Z @ 86
Event: 1.257 Thread 0x000000000290e800 Uncommon trap: reason=class_check action=maybe_recompile pc=0x0000000002cd0354 method=java.util.regex.Matcher.match(II)Z @ 86

Classes redefined (0 events):
No events

Internal exceptions (10 events):
Event: 0.197 Thread 0x000000000290e800 Exception <a 'java/security/PrivilegedActionException'> (0x000000078b6e0d88) thrown at [D:\src\AOSP-openjdk-cygwin\jdk8u\hotspot\src\share\vm\prims\jvm.cpp, line 1508]
Event: 0.197 Thread 0x000000000290e800 Exception <a 'java/security/PrivilegedActionException'> (0x000000078b6e0f98) thrown at [D:\src\AOSP-openjdk-cygwin\jdk8u\hotspot\src\share\vm\prims\jvm.cpp, line 1508]
Event: 1.050 Thread 0x000000000290e800 Exception <a 'java/lang/ArrayIndexOutOfBoundsException': 100> (0x000000078c20cf70) thrown at [D:\src\AOSP-openjdk-cygwin\jdk8u\hotspot\src\share\vm\interpreter\interpreterRuntime.cpp, line 368]
Event: 1.052 Thread 0x000000000290e800 Exception <a 'java/lang/ArrayIndexOutOfBoundsException': 18> (0x000000078c20dea8) thrown at [D:\src\AOSP-openjdk-cygwin\jdk8u\hotspot\src\share\vm\interpreter\interpreterRuntime.cpp, line 368]
Event: 1.052 Thread 0x000000000290e800 Exception <a 'java/lang/ArrayIndexOutOfBoundsException': 40> (0x000000078c20ead8) thrown at [D:\src\AOSP-openjdk-cygwin\jdk8u\hotspot\src\share\vm\interpreter\interpreterRuntime.cpp, line 368]
Event: 1.292 Thread 0x000000000290e800 Exception <a 'java/lang/ArrayIndexOutOfBoundsException'> (0x000000078c64efb0) thrown at [D:\src\AOSP-openjdk-cygwin\jdk8u\hotspot\src\share\vm\runtime\sharedRuntime.cpp, line 605]
Event: 1.293 Thread 0x000000000290e800 Exception <a 'java/lang/ArrayIndexOutOfBoundsException'> (0x000000078c64fe70) thrown at [D:\src\AOSP-openjdk-cygwin\jdk8u\hotspot\src\share\vm\runtime\sharedRuntime.cpp, line 605]
Event: 1.464 Thread 0x000000000290e800 Exception <a 'java/lang/NoClassDefFoundError': org/slf4j/impl/StaticMarkerBinder> (0x000000078ca734a8) thrown at [D:\src\AOSP-openjdk-cygwin\jdk8u\hotspot\src\share\vm\classfile\systemDictionary.cpp, line 199]
Event: 1.505 Thread 0x000000000290e800 Exception <a 'java/lang/ArrayIndexOutOfBoundsException'> (0x000000078cb5f578) thrown at [D:\src\AOSP-openjdk-cygwin\jdk8u\hotspot\src\share\vm\runtime\sharedRuntime.cpp, line 605]
Event: 1.508 Thread 0x000000000290e800 Exception <a 'java/lang/ArrayIndexOutOfBoundsException'> (0x000000078cc40468) thrown at [D:\src\AOSP-openjdk-cygwin\jdk8u\hotspot\src\share\vm\runtime\sharedRuntime.cpp, line 605]

Events (10 events):
Event: 1.540 loading class org/gradle/api/internal/file/DefaultFileCollectionFactory
Event: 1.540 loading class org/gradle/api/internal/file/DefaultFileCollectionFactory done
Event: 1.541 loading class org/gradle/api/file/ConfigurableFileCollection
Event: 1.541 loading class org/gradle/api/file/ConfigurableFileCollection done
Event: 1.541 loading class org/gradle/api/provider/HasConfigurableValue
Event: 1.541 loading class org/gradle/api/provider/HasConfigurableValue done
Event: 1.546 loading class org/gradle/launcher/cli/ParametersConverter
Event: 1.546 loading class org/gradle/launcher/cli/ParametersConverter done
Event: 1.547 loading class org/gradle/launcher/cli/converter/PropertiesToStartParameterConverter
Event: 1.547 loading class org/gradle/launcher/cli/converter/PropertiesToStartParameterConverter done


Dynamic libraries:
0x00007ff66bb30000 - 0x00007ff66bb61000 	C:\Program Files\Android\Android Studio\jre\bin\java.exe
0x00007ffaed1a0000 - 0x00007ffaed390000 	C:\WINDOWS\SYSTEM32\ntdll.dll
0x00007ffaeb2f0000 - 0x00007ffaeb3a2000 	C:\WINDOWS\System32\KERNEL32.DLL
0x00007ffaea700000 - 0x00007ffaea9a3000 	C:\WINDOWS\System32\KERNELBASE.dll
0x00007ffae80e0000 - 0x00007ffae816f000 	C:\WINDOWS\SYSTEM32\apphelp.dll
0x00007ffaebe20000 - 0x00007ffaebec3000 	C:\WINDOWS\System32\ADVAPI32.dll
0x00007ffaeb250000 - 0x00007ffaeb2ee000 	C:\WINDOWS\System32\msvcrt.dll
0x00007ffaeb520000 - 0x00007ffaeb5b7000 	C:\WINDOWS\System32\sechost.dll
0x00007ffaebcf0000 - 0x00007ffaebe10000 	C:\WINDOWS\System32\RPCRT4.dll
0x00007ffaecbd0000 - 0x00007ffaecd64000 	C:\WINDOWS\System32\USER32.dll
0x00007ffaea2d0000 - 0x00007ffaea2f1000 	C:\WINDOWS\System32\win32u.dll
0x00007ffaecaf0000 - 0x00007ffaecb16000 	C:\WINDOWS\System32\GDI32.dll
0x00007ffaea130000 - 0x00007ffaea2c4000 	C:\WINDOWS\System32\gdi32full.dll
0x00007ffaea460000 - 0x00007ffaea4fe000 	C:\WINDOWS\System32\msvcp_win.dll
0x00007ffaea360000 - 0x00007ffaea45a000 	C:\WINDOWS\System32\ucrtbase.dll
0x00007ffadb430000 - 0x00007ffadb6b5000 	C:\WINDOWS\WinSxS\amd64_microsoft.windows.common-controls_6595b64144ccf1df_6.0.18362.778_none_e6c6b761130d4fb8\COMCTL32.dll
0x00007ffaece20000 - 0x00007ffaed156000 	C:\WINDOWS\System32\combase.dll
0x00007ffaeb1d0000 - 0x00007ffaeb250000 	C:\WINDOWS\System32\bcryptPrimitives.dll
0x00007ffaeb710000 - 0x00007ffaeb73e000 	C:\WINDOWS\System32\IMM32.DLL
0x00000000652f0000 - 0x00000000653c2000 	C:\Program Files\Android\Android Studio\jre\jre\bin\msvcr100.dll
0x00000000642b0000 - 0x0000000064af6000 	C:\Program Files\Android\Android Studio\jre\jre\bin\server\jvm.dll
0x00007ffaebce0000 - 0x00007ffaebce8000 	C:\WINDOWS\System32\PSAPI.DLL
0x00007ffae7120000 - 0x00007ffae7129000 	C:\WINDOWS\SYSTEM32\WSOCK32.dll
0x00007ffaeb4b0000 - 0x00007ffaeb51f000 	C:\WINDOWS\System32\WS2_32.dll
0x00007ffae81d0000 - 0x00007ffae81f4000 	C:\WINDOWS\SYSTEM32\WINMM.dll
0x00007ffaddfd0000 - 0x00007ffaddfda000 	C:\WINDOWS\SYSTEM32\VERSION.dll
0x00007ffae81a0000 - 0x00007ffae81cd000 	C:\WINDOWS\SYSTEM32\WINMMBASE.dll
0x00007ffaeb180000 - 0x00007ffaeb1ca000 	C:\WINDOWS\System32\cfgmgr32.dll
0x00007ffae69c0000 - 0x00007ffae69cf000 	C:\Program Files\Android\Android Studio\jre\jre\bin\verify.dll
0x00007ffae2950000 - 0x00007ffae2979000 	C:\Program Files\Android\Android Studio\jre\jre\bin\java.dll
0x00007ffae2b70000 - 0x00007ffae2b86000 	C:\Program Files\Android\Android Studio\jre\jre\bin\zip.dll
0x00007ffaec380000 - 0x00007ffaeca65000 	C:\WINDOWS\System32\SHELL32.dll
0x00007ffaecb20000 - 0x00007ffaecbc9000 	C:\WINDOWS\System32\shcore.dll
0x00007ffaea9d0000 - 0x00007ffaeb150000 	C:\WINDOWS\System32\windows.storage.dll
0x00007ffaea0b0000 - 0x00007ffaea0d3000 	C:\WINDOWS\System32\profapi.dll
0x00007ffaea0e0000 - 0x00007ffaea12a000 	C:\WINDOWS\System32\powrprof.dll
0x00007ffaea060000 - 0x00007ffaea070000 	C:\WINDOWS\System32\UMPDC.dll
0x00007ffaec010000 - 0x00007ffaec062000 	C:\WINDOWS\System32\shlwapi.dll
0x00007ffaea070000 - 0x00007ffaea081000 	C:\WINDOWS\System32\kernel.appcore.dll
0x00007ffaea9b0000 - 0x00007ffaea9c7000 	C:\WINDOWS\System32\cryptsp.dll
0x00007ffae2ab0000 - 0x00007ffae2aca000 	C:\Program Files\Android\Android Studio\jre\jre\bin\net.dll
0x00007ffae98d0000 - 0x00007ffae9937000 	C:\WINDOWS\system32\mswsock.dll
0x00007ffae2a10000 - 0x00007ffae2a21000 	C:\Program Files\Android\Android Studio\jre\jre\bin\nio.dll
0x00007ffae28e0000 - 0x00007ffae2906000 	C:\Users\Jason\.gradle\native\30\windows-amd64\native-platform.dll

VM Arguments:
jvm_args: -Dorg.gradle.appname=gradlew 
java_command: org.gradle.wrapper.GradleWrapperMain -q -Ptarget-platform=android-arm64 -Ptarget=C:\Users\Jason\xd\lib\main.dart -Ptrack-widget-creation=true -Pfilesystem-scheme=org-dartlang-root assembleDebug
java_class_path (initial): C:\Users\Jason\xd\android\\gradle\wrapper\gradle-wrapper.jar
Launcher Type: SUN_STANDARD

Environment Variables:
JAVA_HOME=C:\Program Files\Android\Android Studio\jre
CLASSPATH=C:\Users\Jason\xd\android\\gradle\wrapper\gradle-wrapper.jar
PATH=C:\Windows\system32;C:\Windows;C:\Windows\System32\Wbem;C:\Windows\System32\WindowsPowerShell\v1.0\;C:\Windows\System32\OpenSSH\;C:\Program Files\Git\cmd;C:\Users\Jason\AppData\Local\Microsoft\WindowsApps;C:\Users\Jason\AppData\Local\Programs\Microsoft VS Code\bin;C:\adb;C:\Program Files\dotnet\;C:\WINDOWS\system32;C:\WINDOWS;C:\WINDOWS\System32\Wbem;C:\WINDOWS\System32\WindowsPowerShell\v1.0\;C:\WINDOWS\System32\OpenSSH\;C:\Program Files\Dart\dart-sdk\bin;C:\Program Files\Microsoft SQL Server\130\Tools\Binn\;C:\Program Files\Microsoft SQL Server\Client SDK\ODBC\170\Tools\Binn\;C:\src\flutter\bin;C:\Program Files (x86)\Microsoft SQL Server\150\Tools\Binn\;C:\Program Files\Microsoft SQL Server\150\Tools\Binn\;C:\Program Files\Microsoft SQL Server\150\DTS\Binn\;C:\Users\Jason\.dotnet\tools;C:\src\flutter\bin\mingit\cmd
USERNAME=Jason
OS=Windows_NT
PROCESSOR_IDENTIFIER=Intel64 Family 6 Model 58 Stepping 9, GenuineIntel



---------------  S Y S T E M  ---------------

OS: Windows 10.0 , 64 bit Build 18362 (10.0.18362.778)

CPU:total 4 (initial active 4) (2 cores per cpu, 2 threads per core) family 6 model 58 stepping 9, cmov, cx8, fxsr, mmx, sse, sse2, sse3, ssse3, sse4.1, sse4.2, popcnt, avx, aes, clmul, erms, ht, tsc, tscinvbit, tscinv

Memory: 4k page, physical 10362416k(1901656k free), swap 10362416k(4100k free)

vm_info: OpenJDK 64-Bit Server VM (25.202-b03) for windows-amd64 JRE (1.8.0_202-release-1483-b03), built by "builder" with MS VC++ 10.0 (VS2010)

time: Wed May 20 12:28:39 2020
timezone: W. Central Africa Standard Time
elapsed time: 1 seconds (0d 0h 0m 1s)

